<?xml version="1.0" encoding="UTF-8"?>
<testng-results skipped="0" failed="0" ignored="0" total="1" passed="1">
  <reporter-output>
  </reporter-output>
  <suite name="Default suite" duration-ms="12110" started-at="2020-09-10T11:08:26 AEST" finished-at="2020-09-10T11:08:38 AEST">
    <groups>
    </groups>
    <test name="Default test" duration-ms="12110" started-at="2020-09-10T11:08:26 AEST" finished-at="2020-09-10T11:08:38 AEST">
      <class name="logJ.Test.Pages.gogglePageTest">
        <test-method status="PASS" signature="setUp()[pri:0, instance:logJ.Test.Pages.gogglePageTest@cb51256]" name="setUp" is-config="true" duration-ms="7546" started-at="2020-09-10T11:08:26 AEST" finished-at="2020-09-10T11:08:34 AEST">
          <reporter-output>
          </reporter-output>
        </test-method> <!-- setUp -->
        <test-method status="PASS" signature="testLogo()[pri:0, instance:logJ.Test.Pages.gogglePageTest@cb51256]" name="testLogo" duration-ms="251" started-at="2020-09-10T11:08:34 AEST" finished-at="2020-09-10T11:08:34 AEST">
          <reporter-output>
          </reporter-output>
        </test-method> <!-- testLogo -->
        <test-method status="PASS" signature="tearDown()[pri:0, instance:logJ.Test.Pages.gogglePageTest@cb51256]" name="tearDown" is-config="true" duration-ms="4211" started-at="2020-09-10T11:08:34 AEST" finished-at="2020-09-10T11:08:38 AEST">
          <reporter-output>
          </reporter-output>
        </test-method> <!-- tearDown -->
      </class> <!-- logJ.Test.Pages.gogglePageTest -->
    </test> <!-- Default test -->
  </suite> <!-- Default suite -->
</testng-results>
